<?xml version="1.0" encoding="UTF-8"?>
<testng-results skipped="0" failed="0" total="1" passed="1">
  <reporter-output>
  </reporter-output>
  <suite name="Default suite" duration-ms="31" started-at="2015-04-05T09:47:43Z" finished-at="2015-04-05T09:47:43Z">
    <groups>
    </groups>
    <test name="Default test" duration-ms="31" started-at="2015-04-05T09:47:43Z" finished-at="2015-04-05T09:47:43Z">
      <class name="org.vas.core.test.TestEventBusAndGuice">
        <test-method status="PASS" signature="itShouldCountEventPost()[pri:0, instance:org.vas.core.test.TestEventBusAndGuice@3b938003]" name="itShouldCountEventPost" duration-ms="31" started-at="2015-04-05T11:47:43Z" finished-at="2015-04-05T11:47:43Z">
          <reporter-output>
          </reporter-output>
        </test-method> <!-- itShouldCountEventPost -->
      </class> <!-- org.vas.core.test.TestEventBusAndGuice -->
    </test> <!-- Default test -->
  </suite> <!-- Default suite -->
</testng-results>
