<?xml version="1.0" encoding="UTF-8"?>
<!-- Generated by org.testng.reporters.JUnitXMLReporter -->
<testsuite hostname="vincent-asus" name="Default test" tests="3" failures="0" timestamp="5 Apr 2015 18:23:23 GMT" time="0.625" errors="0">
  <testcase name="itShouldHaveEnv" time="0.031" classname="org.vas.test.VasBootListenerTest"/>
  <testcase name="itShouldHaveServerConf" time="0.0" classname="org.vas.test.VasBootListenerTest"/>
  <testcase name="itShouldHaveVas" time="0.0" classname="org.vas.test.VasBootListenerTest"/>
</testsuite> <!-- Default test -->
