<?xml version="1.0" encoding="UTF-8"?>
<testng-results skipped="0" failed="0" total="1" passed="1">
  <reporter-output>
  </reporter-output>
  <suite name="Default suite" duration-ms="2184" started-at="2015-04-05T18:19:38Z" finished-at="2015-04-05T18:19:40Z">
    <groups>
    </groups>
    <test name="Default test" duration-ms="2184" started-at="2015-04-05T18:19:38Z" finished-at="2015-04-05T18:19:40Z">
      <class name="org.vas.jaxrs.stations.around.test.TestStationsAround">
        <test-method status="PASS" signature="itShouldFetchStations()[pri:0, instance:org.vas.jaxrs.stations.around.test.TestStationsAround@6f7fd0e6]" name="itShouldFetchStations" duration-ms="866" started-at="2015-04-05T20:19:39Z" finished-at="2015-04-05T20:19:40Z">
          <reporter-output>
          </reporter-output>
        </test-method> <!-- itShouldFetchStations -->
      </class> <!-- org.vas.jaxrs.stations.around.test.TestStationsAround -->
    </test> <!-- Default test -->
  </suite> <!-- Default suite -->
</testng-results>
