<?xml version="1.0" encoding="UTF-8"?>
<testng-results skipped="0" failed="0" total="2" passed="2">
  <reporter-output>
  </reporter-output>
  <suite name="Default suite" duration-ms="667" started-at="2015-04-05T11:13:43Z" finished-at="2015-04-05T11:13:43Z">
    <groups>
    </groups>
    <test name="Default test" duration-ms="667" started-at="2015-04-05T11:13:43Z" finished-at="2015-04-05T11:13:43Z">
      <class name="org.vas.domain.repository.test.TestUserRepository">
        <test-method status="PASS" signature="itShouldAuthenticateUser()[pri:0, instance:org.vas.domain.repository.test.TestUserRepository@724af044]" name="itShouldAuthenticateUser" duration-ms="90" started-at="2015-04-05T13:13:43Z" finished-at="2015-04-05T13:13:43Z">
          <reporter-output>
          </reporter-output>
        </test-method> <!-- itShouldAuthenticateUser -->
        <test-method status="PASS" signature="itShouldHaveRepository()[pri:0, instance:org.vas.domain.repository.test.TestUserRepository@724af044]" name="itShouldHaveRepository" duration-ms="16" started-at="2015-04-05T13:13:43Z" finished-at="2015-04-05T13:13:43Z">
          <reporter-output>
          </reporter-output>
        </test-method> <!-- itShouldHaveRepository -->
      </class> <!-- org.vas.domain.repository.test.TestUserRepository -->
    </test> <!-- Default test -->
  </suite> <!-- Default suite -->
</testng-results>
