<?xml version="1.0" encoding="UTF-8"?>
<testng-results skipped="0" failed="0" total="5" passed="5">
  <reporter-output>
  </reporter-output>
  <suite name="Default suite" duration-ms="1800" started-at="2015-04-05T17:59:30Z" finished-at="2015-04-05T17:59:32Z">
    <groups>
    </groups>
    <test name="Default test" duration-ms="1800" started-at="2015-04-05T17:59:30Z" finished-at="2015-04-05T17:59:32Z">
      <class name="org.vas.address.test.TestJaxrsAddress">
        <test-method status="PASS" signature="itShouldCreateAddress()[pri:0, instance:org.vas.address.test.TestJaxrsAddress@66a3ffec]" name="itShouldCreateAddress" duration-ms="486" started-at="2015-04-05T19:59:31Z" finished-at="2015-04-05T19:59:32Z">
          <reporter-output>
          </reporter-output>
        </test-method> <!-- itShouldCreateAddress -->
        <test-method status="PASS" signature="itShouldGetAddresses()[pri:0, instance:org.vas.address.test.TestJaxrsAddress@66a3ffec]" name="itShouldGetAddresses" duration-ms="16" started-at="2015-04-05T19:59:32Z" finished-at="2015-04-05T19:59:32Z">
          <reporter-output>
          </reporter-output>
        </test-method> <!-- itShouldGetAddresses -->
        <test-method status="PASS" signature="itShouldNotDeleteAddress()[pri:0, instance:org.vas.address.test.TestJaxrsAddress@66a3ffec]" name="itShouldNotDeleteAddress" duration-ms="15" started-at="2015-04-05T19:59:32Z" finished-at="2015-04-05T19:59:32Z">
          <reporter-output>
          </reporter-output>
        </test-method> <!-- itShouldNotDeleteAddress -->
        <test-method status="PASS" signature="itShouldRemoveAddress()[pri:0, instance:org.vas.address.test.TestJaxrsAddress@66a3ffec]" name="itShouldRemoveAddress" duration-ms="0" started-at="2015-04-05T19:59:32Z" finished-at="2015-04-05T19:59:32Z">
          <exception class="org.vas.domain.repository.exception.AddressNotFoundException">
            <full-stacktrace>
              <![CDATA[org.vas.domain.repository.exception.AddressNotFoundException
	at org.vas.domain.repository.impl.AddressServiceImpl.fecth(AddressServiceImpl.java:34)
	at org.vas.address.test.TestJaxrsAddress.itShouldRemoveAddress(TestJaxrsAddress.java:132)
	at sun.reflect.NativeMethodAccessorImpl.invoke0(Native Method)
	at sun.reflect.NativeMethodAccessorImpl.invoke(Unknown Source)
	at sun.reflect.DelegatingMethodAccessorImpl.invoke(Unknown Source)
	at java.lang.reflect.Method.invoke(Unknown Source)
	at org.testng.internal.MethodInvocationHelper.invokeMethod(MethodInvocationHelper.java:84)
	at org.testng.internal.Invoker.invokeMethod(Invoker.java:714)
	at org.testng.internal.Invoker.invokeTestMethod(Invoker.java:901)
	at org.testng.internal.Invoker.invokeTestMethods(Invoker.java:1231)
	at org.testng.internal.TestMethodWorker.invokeTestMethods(TestMethodWorker.java:127)
	at org.testng.internal.TestMethodWorker.run(TestMethodWorker.java:111)
	at org.testng.TestRunner.privateRun(TestRunner.java:767)
	at org.testng.TestRunner.run(TestRunner.java:617)
	at org.testng.SuiteRunner.runTest(SuiteRunner.java:334)
	at org.testng.SuiteRunner.runSequentially(SuiteRunner.java:329)
	at org.testng.SuiteRunner.privateRun(SuiteRunner.java:291)
	at org.testng.SuiteRunner.run(SuiteRunner.java:240)
	at org.testng.SuiteRunnerWorker.runSuite(SuiteRunnerWorker.java:52)
	at org.testng.SuiteRunnerWorker.run(SuiteRunnerWorker.java:86)
	at org.testng.TestNG.runSuitesSequentially(TestNG.java:1224)
	at org.testng.TestNG.runSuitesLocally(TestNG.java:1149)
	at org.testng.TestNG.run(TestNG.java:1057)
	at org.testng.remote.RemoteTestNG.run(RemoteTestNG.java:111)
	at org.testng.remote.RemoteTestNG.initAndRun(RemoteTestNG.java:204)
	at org.testng.remote.RemoteTestNG.main(RemoteTestNG.java:175)
]]>
            </full-stacktrace>
          </exception> <!-- org.vas.domain.repository.exception.AddressNotFoundException -->
          <reporter-output>
          </reporter-output>
        </test-method> <!-- itShouldRemoveAddress -->
        <test-method status="PASS" signature="itShouldUpdateAddress()[pri:0, instance:org.vas.address.test.TestJaxrsAddress@66a3ffec]" name="itShouldUpdateAddress" duration-ms="16" started-at="2015-04-05T19:59:32Z" finished-at="2015-04-05T19:59:32Z">
          <reporter-output>
          </reporter-output>
        </test-method> <!-- itShouldUpdateAddress -->
      </class> <!-- org.vas.address.test.TestJaxrsAddress -->
    </test> <!-- Default test -->
  </suite> <!-- Default suite -->
</testng-results>
