<?xml version="1.0" encoding="UTF-8"?>
<!-- Generated by org.testng.reporters.JUnitXMLReporter -->
<testsuite hostname="vincent-asus" name="Default test" tests="2" failures="0" timestamp="5 Apr 2015 11:13:43 GMT" time="0.667" errors="0">
  <testcase name="itShouldAuthenticateUser" time="0.09" classname="org.vas.domain.repository.test.TestUserRepository"/>
  <testcase name="itShouldHaveRepository" time="0.016" classname="org.vas.domain.repository.test.TestUserRepository"/>
</testsuite> <!-- Default test -->
