<?xml version="1.0" encoding="UTF-8"?>
<testng-results skipped="0" failed="0" total="2" passed="2">
  <reporter-output>
  </reporter-output>
  <suite name="Default suite" duration-ms="1623" started-at="2015-04-05T15:47:24Z" finished-at="2015-04-05T15:47:26Z">
    <groups>
    </groups>
    <test name="Default test" duration-ms="1623" started-at="2015-04-05T15:47:24Z" finished-at="2015-04-05T15:47:26Z">
      <class name="org.vas.auth.test.TestRestAuth">
        <test-method status="PASS" signature="itShouldAuthenticateTestUser()[pri:0, instance:org.vas.auth.test.TestRestAuth@6f7fd0e6]" name="itShouldAuthenticateTestUser" duration-ms="445" started-at="2015-04-05T17:47:25Z" finished-at="2015-04-05T17:47:26Z">
          <reporter-output>
          </reporter-output>
        </test-method> <!-- itShouldAuthenticateTestUser -->
        <test-method status="PASS" signature="itShouldNotAuthenticateUser()[pri:0, instance:org.vas.auth.test.TestRestAuth@6f7fd0e6]" name="itShouldNotAuthenticateUser" duration-ms="18" started-at="2015-04-05T17:47:26Z" finished-at="2015-04-05T17:47:26Z">
          <reporter-output>
          </reporter-output>
        </test-method> <!-- itShouldNotAuthenticateUser -->
      </class> <!-- org.vas.auth.test.TestRestAuth -->
    </test> <!-- Default test -->
  </suite> <!-- Default suite -->
</testng-results>
