<?xml version="1.0" encoding="UTF-8"?>
<testng-results skipped="0" failed="0" total="1" passed="1">
  <reporter-output>
  </reporter-output>
  <suite name="Default suite" duration-ms="1464" started-at="2015-04-05T16:10:07Z" finished-at="2015-04-05T16:10:08Z">
    <groups>
    </groups>
    <test name="Default test" duration-ms="1464" started-at="2015-04-05T16:10:07Z" finished-at="2015-04-05T16:10:08Z">
      <class name="org.vas.jaxrs.test.TestJaxrs">
        <test-method status="PASS" signature="itShould()[pri:0, instance:org.vas.jaxrs.test.TestJaxrs@6f7fd0e6]" name="itShould" duration-ms="345" started-at="2015-04-05T18:10:08Z" finished-at="2015-04-05T18:10:08Z">
          <reporter-output>
          </reporter-output>
        </test-method> <!-- itShould -->
      </class> <!-- org.vas.jaxrs.test.TestJaxrs -->
    </test> <!-- Default test -->
  </suite> <!-- Default suite -->
</testng-results>
